# JRE version: 7.0_10-b18
# Java VM: Java HotSpot(TM) Client VM (23.6-b04 mixed mode windows-x86 )
Heap
 def new generation   total 4928K, used 1192K [0x03c50000, 0x041a0000, 0x091a0000)
  eden space 4416K,  17% used [0x03c50000, 0x03d14058, 0x040a0000)
  from space 512K,  79% used [0x040a0000, 0x04106158, 0x04120000)
  to   space 512K,   0% used [0x04120000, 0x04120000, 0x041a0000)
 tenured generation   total 10944K, used 4068K [0x091a0000, 0x09c50000, 0x13c50000)
   the space 10944K,  37% used [0x091a0000, 0x09599248, 0x09599400, 0x09c50000)
 compacting perm gen  total 12288K, used 7338K [0x13c50000, 0x14850000, 0x17c50000)
   the space 12288K,  59% used [0x13c50000, 0x1437aa30, 0x1437ac00, 0x14850000)
GC Heap History (4 events):
Event: 0.815 GC heap before
{Heap before GC invocations=0 (full 0):
 def new generation   total 4928K, used 1999K [0x03c50000, 0x041a0000, 0x091a0000)
  eden space 4416K,  45% used [0x03c50000, 0x03e43d78, 0x040a0000)
  from space 512K,   0% used [0x040a0000, 0x040a0000, 0x04120000)
  to   space 512K,   0% used [0x04120000, 0x04120000, 0x041a0000)
 tenured generation   total 10944K, used 0K [0x091a0000, 0x09c50000, 0x13c50000)
   the space 10944K,   0% used [0x091a0000, 0x091a0000, 0x091a0200, 0x09c50000)
 compacting perm gen  total 12288K, used 5528K [0x13c50000, 0x14850000, 0x17c50000)
   the space 12288K,  44% used [0x13c50000, 0x141b6270, 0x141b6400, 0x14850000)
No shared spaces configured.
Event: 0.825 GC heap after
Heap after GC invocations=1 (full 0):
 def new generation   total 4928K, used 512K [0x03c50000, 0x041a0000, 0x091a0000)
  eden space 4416K,   0% used [0x03c50000, 0x03c50000, 0x040a0000)
  from space 512K, 100% used [0x04120000, 0x041a0000, 0x041a0000)
  to   space 512K,   0% used [0x040a0000, 0x040a0000, 0x04120000)
 tenured generation   total 10944K, used 428K [0x091a0000, 0x09c50000, 0x13c50000)
   the space 10944K,   3% used [0x091a0000, 0x0920b1d0, 0x0920b200, 0x09c50000)
 compacting perm gen  total 12288K, used 5528K [0x13c50000, 0x14850000, 0x17c50000)
   the space 12288K,  44% used [0x13c50000, 0x141b6270, 0x141b6400, 0x14850000)
No shared spaces configured.
}
Event: 3.702 GC heap before
{Heap before GC invocations=1 (full 0):
 def new generation   total 4928K, used 4928K [0x03c50000, 0x041a0000, 0x091a0000)
  eden space 4416K, 100% used [0x03c50000, 0x040a0000, 0x040a0000)
  from space 512K, 100% used [0x04120000, 0x041a0000, 0x041a0000)
  to   space 512K,   0% used [0x040a0000, 0x040a0000, 0x04120000)
 tenured generation   total 10944K, used 428K [0x091a0000, 0x09c50000, 0x13c50000)
   the space 10944K,   3% used [0x091a0000, 0x0920b1d0, 0x0920b200, 0x09c50000)
 compacting perm gen  total 12288K, used 7147K [0x13c50000, 0x14850000, 0x17c50000)
   the space 12288K,  58% used [0x13c50000, 0x1434ad48, 0x1434ae00, 0x14850000)
No shared spaces configured.
Event: 3.716 GC heap after
Heap after GC invocations=2 (full 0):
 def new generation   total 4928K, used 408K [0x03c50000, 0x041a0000, 0x091a0000)
  eden space 4416K,   0% used [0x03c50000, 0x03c50000, 0x040a0000)
  from space 512K,  79% used [0x040a0000, 0x04106158, 0x04120000)
  to   space 512K,   0% used [0x04120000, 0x04120000, 0x041a0000)
 tenured generation   total 10944K, used 4068K [0x091a0000, 0x09c50000, 0x13c50000)
   the space 10944K,  37% used [0x091a0000, 0x09599248, 0x09599400, 0x09c50000)
 compacting perm gen  total 12288K, used 7147K [0x13c50000, 0x14850000, 0x17c50000)
   the space 12288K,  58% used [0x13c50000, 0x1434ad48, 0x1434ae00, 0x14850000)
No shared spaces configured.
}

